<?xml version="1.0" encoding="UTF-8"?>
<!-- Generated by org.testng.reporters.JUnitReportReporter -->
<testsuite hostname="krish" failures="0" tests="1" name="p1.c1" time="2.938" errors="0" timestamp="2024-08-19T10:47:12 IST" skipped="0">
  <testcase classname="p1.c1" name="t1" time="2.938"/>
  <system-out/>
</testsuite> <!-- p1.c1 -->
